Skipping 40 already-generated images

=== CISSP Quest Image Generation ===
Mode: LIVE
Images to generate: 42
Estimated cost: $1.68
=====================================


[npc_sharma_neutral] Generating...
  Type: character | Aspect: 2:3
  Prompt (preview): anime-inspired cyberpunk visual novel illustration, high detail, dramatic studio lighting, professio...
  ✓ Saved to C:\Projects\cissp-quest\generated-images\npc_sharma_neutral.webp

[npc_ghost_calculating] Generating...
  Type: character | Aspect: 2:3
  Prompt (preview): anime-inspired cyberpunk visual novel illustration, high detail, dramatic studio lighting, professio...
  ✓ Saved to C:\Projects\cissp-quest\generated-images\npc_ghost_calculating.webp

[npc_ghost_vulnerable] Generating...
  Type: character | Aspect: 2:3
  Prompt (preview): anime-inspired cyberpunk visual novel illustration, high detail, dramatic studio lighting, professio...
  ✓ Saved to C:\Projects\cissp-quest\generated-images\npc_ghost_vulnerable.webp

[npc_ghost_resigned] Generating...
  Type: character | Aspect: 2:3
  Prompt (preview): anime-inspired cyberpunk visual novel illustration, high detail, dramatic studio lighting, professio...
  ⏳ Rate limited (attempt 1/5), waiting 15s...
  ⏳ Rate limited (attempt 2/5), waiting 30s...
  ⏳ Rate limited (attempt 3/5), waiting 45s...
  ✓ Saved to C:\Projects\cissp-quest\generated-images\npc_ghost_resigned.webp

[npc_vasquez_neutral] Generating...
  Type: character | Aspect: 2:3
  Prompt (preview): anime-inspired cyberpunk visual novel illustration, high detail, dramatic studio lighting, professio...
  ⏳ Rate limited (attempt 1/5), waiting 15s...
  ✓ Saved to C:\Projects\cissp-quest\generated-images\npc_vasquez_neutral.webp

[npc_vasquez_authoritative] Generating...
  Type: character | Aspect: 2:3
  Prompt (preview): anime-inspired cyberpunk visual novel illustration, high detail, dramatic studio lighting, professio...
  ✓ Saved to C:\Projects\cissp-quest\generated-images\npc_vasquez_authoritative.webp

[npc_vasquez_concerned] Generating...
  Type: character | Aspect: 2:3
  Prompt (preview): anime-inspired cyberpunk visual novel illustration, high detail, dramatic studio lighting, professio...
  ✓ Saved to C:\Projects\cissp-quest\generated-images\npc_vasquez_concerned.webp

[npc_vasquez_explaining] Generating...
  Type: character | Aspect: 2:3
  Prompt (preview): anime-inspired cyberpunk visual novel illustration, high detail, dramatic studio lighting, professio...
  ✗ Error: Client network socket disconnected before secure TLS connection was established

[bg_act1_hq_night] Generating...
  Type: background | Aspect: 16:9
  Prompt (preview): anime-inspired cyberpunk visual novel illustration, high detail, dramatic studio lighting, professio...
  ⏳ Rate limited (attempt 1/5), waiting 15s...
  ⏳ Rate limited (attempt 2/5), waiting 30s...
  ⏳ Rate limited (attempt 3/5), waiting 45s...
  ⏳ Rate limited (attempt 4/5), waiting 60s...
  ✓ Saved to C:\Projects\cissp-quest\generated-images\bg_act1_hq_night.webp

[bg_act1_office_lobby] Generating...
  Type: background | Aspect: 16:9
  Prompt (preview): anime-inspired cyberpunk visual novel illustration, high detail, dramatic studio lighting, professio...
  ⏳ Rate limited (attempt 1/5), waiting 15s...
  ⏳ Rate limited (attempt 2/5), waiting 30s...
  ⏳ Rate limited (attempt 3/5), waiting 45s...
  ⏳ Rate limited (attempt 4/5), waiting 60s...
  ✗ Error: Request to https://api.replicate.com/v1/models/black-forest-labs/flux-1.1-pro/predictions failed with status 429 Too Many Requests: {"detail":"Request was throttled. Your rate limit for creating predictions is reduced to 6 requests per minute with a burst of 1 requests while you have less than $5.0 in credit. Your rate limit resets in ~10s.","status":429,"retry_after":10}
.

[bg_act2_london_hq_lobby] Generating...
  Type: background | Aspect: 16:9
  Prompt (preview): anime-inspired cyberpunk visual novel illustration, high detail, dramatic studio lighting, professio...
  ✓ Saved to C:\Projects\cissp-quest\generated-images\bg_act2_london_hq_lobby.webp

[bg_act3_munich_exterior] Generating...
  Type: background | Aspect: 16:9
  Prompt (preview): anime-inspired cyberpunk visual novel illustration, high detail, dramatic studio lighting, professio...
  ⏳ Rate limited (attempt 1/5), waiting 15s...
  ✓ Saved to C:\Projects\cissp-quest\generated-images\bg_act3_munich_exterior.webp

[bg_act3_munich_lab] Generating...
  Type: background | Aspect: 16:9
  Prompt (preview): anime-inspired cyberpunk visual novel illustration, high detail, dramatic studio lighting, professio...
  ✓ Saved to C:\Projects\cissp-quest\generated-images\bg_act3_munich_lab.webp

[bg_act3_crypto_lab] Generating...
  Type: background | Aspect: 16:9
  Prompt (preview): anime-inspired cyberpunk visual novel illustration, high detail, dramatic studio lighting, professio...
  ✓ Saved to C:\Projects\cissp-quest\generated-images\bg_act3_crypto_lab.webp

[bg_act4_singapore_dc_interior] Generating...
  Type: background | Aspect: 16:9
  Prompt (preview): anime-inspired cyberpunk visual novel illustration, high detail, dramatic studio lighting, professio...
  ✓ Saved to C:\Projects\cissp-quest\generated-images\bg_act4_singapore_dc_interior.webp

[bg_act4_noc] Generating...
  Type: background | Aspect: 16:9
  Prompt (preview): anime-inspired cyberpunk visual novel illustration, high detail, dramatic studio lighting, professio...
  ✓ Saved to C:\Projects\cissp-quest\generated-images\bg_act4_noc.webp

[bg_act5_ny_financial] Generating...
  Type: background | Aspect: 16:9
  Prompt (preview): anime-inspired cyberpunk visual novel illustration, high detail, dramatic studio lighting, professio...
  ✓ Saved to C:\Projects\cissp-quest\generated-images\bg_act5_ny_financial.webp

[bg_act5_interview_room] Generating...
  Type: background | Aspect: 16:9
  Prompt (preview): anime-inspired cyberpunk visual novel illustration, high detail, dramatic studio lighting, professio...
  ✓ Saved to C:\Projects\cissp-quest\generated-images\bg_act5_interview_room.webp

[bg_act5_access_logs] Generating...
  Type: background | Aspect: 16:9
  Prompt (preview): anime-inspired cyberpunk visual novel illustration, high detail, dramatic studio lighting, professio...
  ✓ Saved to C:\Projects\cissp-quest\generated-images\bg_act5_access_logs.webp

[bg_act6_cloud_abstract] Generating...
  Type: background | Aspect: 16:9
  Prompt (preview): anime-inspired cyberpunk visual novel illustration, high detail, dramatic studio lighting, professio...
  ✓ Saved to C:\Projects\cissp-quest\generated-images\bg_act6_cloud_abstract.webp

[bg_act7_tokyo_soc] Generating...
  Type: background | Aspect: 16:9
  Prompt (preview): anime-inspired cyberpunk visual novel illustration, high detail, dramatic studio lighting, professio...
  ✓ Saved to C:\Projects\cissp-quest\generated-images\bg_act7_tokyo_soc.webp

[bg_act7_tokyo_exterior] Generating...
  Type: background | Aspect: 16:9
  Prompt (preview): anime-inspired cyberpunk visual novel illustration, high detail, dramatic studio lighting, professio...
  ✓ Saved to C:\Projects\cissp-quest\generated-images\bg_act7_tokyo_exterior.webp

[bg_act8_sf_office] Generating...
  Type: background | Aspect: 16:9
  Prompt (preview): anime-inspired cyberpunk visual novel illustration, high detail, dramatic studio lighting, professio...
  ✓ Saved to C:\Projects\cissp-quest\generated-images\bg_act8_sf_office.webp

[bg_act8_git_history] Generating...
  Type: background | Aspect: 16:9
  Prompt (preview): anime-inspired cyberpunk visual novel illustration, high detail, dramatic studio lighting, professio...
  ✓ Saved to C:\Projects\cissp-quest\generated-images\bg_act8_git_history.webp

[evidence_risk_register] Generating...
  Type: evidence | Aspect: 16:9
  Prompt (preview): anime-inspired cyberpunk visual novel illustration, high detail, dramatic studio lighting, professio...
  ✓ Saved to C:\Projects\cissp-quest\generated-images\evidence_risk_register.webp

[evidence_ghost_access_profile] Generating...
  Type: evidence | Aspect: 16:9
  Prompt (preview): anime-inspired cyberpunk visual novel illustration, high detail, dramatic studio lighting, professio...
  ✓ Saved to C:\Projects\cissp-quest\generated-images\evidence_ghost_access_profile.webp

[evidence_expired_cert] Generating...
  Type: evidence | Aspect: 3:4
  Prompt (preview): anime-inspired cyberpunk visual novel illustration, high detail, dramatic studio lighting, professio...
  ✓ Saved to C:\Projects\cissp-quest\generated-images\evidence_expired_cert.webp

[evidence_vuln_report_cover] Generating...
  Type: evidence | Aspect: 3:4
  Prompt (preview): anime-inspired cyberpunk visual novel illustration, high detail, dramatic studio lighting, professio...
  ✓ Saved to C:\Projects\cissp-quest\generated-images\evidence_vuln_report_cover.webp

[diagram_osi_model] Generating...
  Type: diagram | Aspect: 1:1
  Prompt (preview): anime-inspired cyberpunk visual novel illustration, high detail, dramatic studio lighting, professio...
  ✓ Saved to C:\Projects\cissp-quest\generated-images\diagram_osi_model.webp

[diagram_kill_chain] Generating...
  Type: diagram | Aspect: 16:9
  Prompt (preview): anime-inspired cyberpunk visual novel illustration, high detail, dramatic studio lighting, professio...
  ✓ Saved to C:\Projects\cissp-quest\generated-images\diagram_kill_chain.webp

[diagram_access_models] Generating...
  Type: diagram | Aspect: 16:9
  Prompt (preview): anime-inspired cyberpunk visual novel illustration, high detail, dramatic studio lighting, professio...
  ✓ Saved to C:\Projects\cissp-quest\generated-images\diagram_access_models.webp

[diagram_sdlc_security] Generating...
  Type: diagram | Aspect: 16:9
  Prompt (preview): anime-inspired cyberpunk visual novel illustration, high detail, dramatic studio lighting, professio...
  ✓ Saved to C:\Projects\cissp-quest\generated-images\diagram_sdlc_security.webp

[diagram_bell_lapudula] Generating...
  Type: diagram | Aspect: 16:9
  Prompt (preview): anime-inspired cyberpunk visual novel illustration, high detail, dramatic studio lighting, professio...
  ✓ Saved to C:\Projects\cissp-quest\generated-images\diagram_bell_lapudula.webp

[diagram_biba] Generating...
  Type: diagram | Aspect: 16:9
  Prompt (preview): anime-inspired cyberpunk visual novel illustration, high detail, dramatic studio lighting, professio...
  ✓ Saved to C:\Projects\cissp-quest\generated-images\diagram_biba.webp

[diagram_data_lifecycle] Generating...
  Type: diagram | Aspect: 16:9
  Prompt (preview): anime-inspired cyberpunk visual novel illustration, high detail, dramatic studio lighting, professio...
  ✓ Saved to C:\Projects\cissp-quest\generated-images\diagram_data_lifecycle.webp

[ui_world_map] Generating...
  Type: ui | Aspect: 16:9
  Prompt (preview): anime-inspired cyberpunk visual novel illustration, high detail, dramatic studio lighting, professio...
  ✓ Saved to C:\Projects\cissp-quest\generated-images\ui_world_map.webp

[ui_dashboard_hero] Generating...
  Type: ui | Aspect: 16:9
  Prompt (preview): anime-inspired cyberpunk visual novel illustration, high detail, dramatic studio lighting, professio...
  ✓ Saved to C:\Projects\cissp-quest\generated-images\ui_dashboard_hero.webp

[ui_act_card_locked] Generating...
  Type: ui | Aspect: 3:2
  Prompt (preview): anime-inspired cyberpunk visual novel illustration, high detail, dramatic studio lighting, professio...
  ✓ Saved to C:\Projects\cissp-quest\generated-images\ui_act_card_locked.webp

[loading_screen_1] Generating...
  Type: ui | Aspect: 16:9
  Prompt (preview): anime-inspired cyberpunk visual novel illustration, high detail, dramatic studio lighting, professio...
  ✓ Saved to C:\Projects\cissp-quest\generated-images\loading_screen_1.webp

[landing_hero] Generating...
  Type: ui | Aspect: 16:9
  Prompt (preview): anime-inspired cyberpunk visual novel illustration, high detail, dramatic studio lighting, professio...
  ✓ Saved to C:\Projects\cissp-quest\generated-images\landing_hero.webp

[tanaka_notebook_style] Generating...
  Type: ui | Aspect: 3:4
  Prompt (preview): anime-inspired cyberpunk visual novel illustration, high detail, dramatic studio lighting, professio...
  ✓ Saved to C:\Projects\cissp-quest\generated-images\tanaka_notebook_style.webp

[epilogue_exam_room] Generating...
  Type: background | Aspect: 16:9
  Prompt (preview): anime-inspired cyberpunk visual novel illustration, high detail, dramatic studio lighting, professio...
  ✓ Saved to C:\Projects\cissp-quest\generated-images\epilogue_exam_room.webp

=== GENERATION COMPLETE ===
✓ Success: 40
✗ Errors: 2
💰 Total cost: $1.60
📁 Output: C:\Projects\cissp-quest\generated-images
📋 Log: C:\Projects\cissp-quest\generated-images\generation-log.json

Failed images:
  npc_ghost_neutral: url.startsWith is not a function
  npc_vasquez_explaining: Client network socket disconnected before secure TLS connection was established
  bg_act1_office_lobby: Request to https://api.replicate.com/v1/models/black-forest-labs/flux-1.1-pro/predictions failed with status 429 Too Many Requests: {"detail":"Request was throttled. Your rate limit for creating predictions is reduced to 6 requests per minute with a burst of 1 requests while you have less than $5.0 in credit. Your rate limit resets in ~10s.","status":429,"retry_after":10}
.
Skipping 81 already-generated images

=== CISSP Quest Image Generation ===
Mode: LIVE
Images to generate: 1
Estimated cost: $0.04
=====================================


[npc_vasquez_explaining] Generating...
  Type: character | Aspect: 2:3
  Prompt (preview): anime-inspired cyberpunk visual novel illustration, high detail, dramatic studio lighting, professio...
  ✓ Saved to C:\Projects\cissp-quest\generated-images\npc_vasquez_explaining.webp

=== GENERATION COMPLETE ===
✓ Success: 1
✗ Errors: 0
💰 Total cost: $0.04
📁 Output: C:\Projects\cissp-quest\generated-images
📋 Log: C:\Projects\cissp-quest\generated-images\generation-log.json
